<?xml version="1.0" encoding="UTF-8" ?>
<testsuites name="vitest tests" tests="221" failures="0" errors="0" time="3.314533851">
    <testsuite name="tests/data-testid-uniqueness.test.ts" timestamp="2026-05-13T15:29:48.847Z" hostname="sergio-dev" tests="2" failures="0" errors="0" skipped="0" time="0.011496901">
        <testcase classname="tests/data-testid-uniqueness.test.ts" name="data-testid uniqueness &gt; no static `data-testid` literal appears in more than one source file" time="0.006484157">
        </testcase>
        <testcase classname="tests/data-testid-uniqueness.test.ts" name="data-testid uniqueness &gt; no static `data-testid` literal appears more than once in the same source file" time="0.003328775">
        </testcase>
    </testsuite>
    <testsuite name="tests/proxy.test.ts" timestamp="2026-05-13T15:29:48.848Z" hostname="sergio-dev" tests="14" failures="0" errors="0" skipped="0" time="0.007781479">
        <testcase classname="tests/proxy.test.ts" name="isDevToolRoute &gt; matches the bare prefix /dev-tools" time="0.001572572">
        </testcase>
        <testcase classname="tests/proxy.test.ts" name="isDevToolRoute &gt; matches the bare prefix /dev-throw" time="0.00020089">
        </testcase>
        <testcase classname="tests/proxy.test.ts" name="isDevToolRoute &gt; matches nested segments under /dev-tools" time="0.000259098">
        </testcase>
        <testcase classname="tests/proxy.test.ts" name="isDevToolRoute &gt; matches nested segments under /dev-throw" time="0.000242216">
        </testcase>
        <testcase classname="tests/proxy.test.ts" name="isDevToolRoute &gt; does not match unrelated paths" time="0.000329759">
        </testcase>
        <testcase classname="tests/proxy.test.ts" name="isDevToolRoute &gt; matches the nested /dev-tools/error-gallery tool route" time="0.000189059">
        </testcase>
        <testcase classname="tests/proxy.test.ts" name="proxy.config.matcher — domain ↔ static-literal parity &gt; contains both the bare prefix and the `:path*` form for every domain prefix" time="0.000730834">
        </testcase>
        <testcase classname="tests/proxy.test.ts" name="proxy — dev-tools production short-circuit &gt; in production &gt; rewrites /dev-tools to a guaranteed 404" time="0.000936536">
        </testcase>
        <testcase classname="tests/proxy.test.ts" name="proxy — dev-tools production short-circuit &gt; in production &gt; rewrites /dev-throw to a guaranteed 404" time="0.000303651">
        </testcase>
        <testcase classname="tests/proxy.test.ts" name="proxy — dev-tools production short-circuit &gt; in production &gt; rewrites nested dev-tool URLs as well" time="0.000285225">
        </testcase>
        <testcase classname="tests/proxy.test.ts" name="proxy — dev-tools production short-circuit &gt; in production &gt; ignores non-dev paths" time="0.000227098">
        </testcase>
        <testcase classname="tests/proxy.test.ts" name="proxy — dev-tools production short-circuit &gt; in development &gt; lets /dev-tools pass through untouched" time="0.000234707">
        </testcase>
        <testcase classname="tests/proxy.test.ts" name="proxy — dev-tools production short-circuit &gt; in development &gt; lets /dev-throw pass through untouched" time="0.000174366">
        </testcase>
        <testcase classname="tests/proxy.test.ts" name="proxy — dev-tools production short-circuit &gt; in test &gt; lets dev URLs pass through (CI E2E uses /dev-throw)" time="0.000247455">
        </testcase>
    </testsuite>
    <testsuite name="tests/app/error-redaction.test.tsx" timestamp="2026-05-13T15:29:48.850Z" hostname="sergio-dev" tests="10" failures="0" errors="0" skipped="0" time="0.165792624">
        <testcase classname="tests/app/error-redaction.test.tsx" name="&apos;error.tsx (segment-level 500 boundary)&apos; — production redaction (only generic messages allowed) &gt; never renders the original error.message" time="0.063283148">
        </testcase>
        <testcase classname="tests/app/error-redaction.test.tsx" name="&apos;error.tsx (segment-level 500 boundary)&apos; — production redaction (only generic messages allowed) &gt; never leaks framework class names, file paths, line numbers or secrets" time="0.013019522">
        </testcase>
        <testcase classname="tests/app/error-redaction.test.tsx" name="&apos;error.tsx (segment-level 500 boundary)&apos; — production redaction (only generic messages allowed) &gt; renders only generic copy" time="0.011892106">
        </testcase>
        <testcase classname="tests/app/error-redaction.test.tsx" name="&apos;error.tsx (segment-level 500 boundary)&apos; — production redaction (only generic messages allowed) &gt; still surfaces the opaque digest so users can quote it to support" time="0.010676997">
        </testcase>
        <testcase classname="tests/app/error-redaction.test.tsx" name="&apos;global-error.tsx (RootLayout crash)&apos; — production redaction (only generic messages allowed) &gt; never renders the original error.message" time="0.011094451">
            <system-err>
In HTML, &lt;html&gt; cannot be a child of &lt;div&gt;.
This will cause a hydration error.

            </system-err>
        </testcase>
        <testcase classname="tests/app/error-redaction.test.tsx" name="&apos;global-error.tsx (RootLayout crash)&apos; — production redaction (only generic messages allowed) &gt; never leaks framework class names, file paths, line numbers or secrets" time="0.007528721">
        </testcase>
        <testcase classname="tests/app/error-redaction.test.tsx" name="&apos;global-error.tsx (RootLayout crash)&apos; — production redaction (only generic messages allowed) &gt; renders only generic copy" time="0.008866388">
        </testcase>
        <testcase classname="tests/app/error-redaction.test.tsx" name="&apos;global-error.tsx (RootLayout crash)&apos; — production redaction (only generic messages allowed) &gt; still surfaces the opaque digest so users can quote it to support" time="0.007754097">
        </testcase>
        <testcase classname="tests/app/error-redaction.test.tsx" name="&apos;error.tsx (segment-level 500 boundary)&apos; — development disclosure (engineers see what blew up) &gt; renders error.message inside the details block" time="0.017624694">
            <system-err>
[error-boundary] Error: thrown in dev
    at [90m/home/dev/Projects/ERPify/pwa/[39mtests/app/error-redaction.test.tsx:140:41
    at [90mfile:///home/dev/Projects/ERPify/pwa/[39mnode_modules/[4m@vitest/runner[24m/dist/chunk-artifact.js:302:11
    at [90mfile:///home/dev/Projects/ERPify/pwa/[39mnode_modules/[4m@vitest/runner[24m/dist/chunk-artifact.js:1903:26
    at [90mfile:///home/dev/Projects/ERPify/pwa/[39mnode_modules/[4m@vitest/runner[24m/dist/chunk-artifact.js:2326:20
    at new Promise (&lt;anonymous&gt;)
    at runWithCancel [90m(file:///home/dev/Projects/ERPify/pwa/[39mnode_modules/[4m@vitest/runner[24m/dist/chunk-artifact.js:2323:10[90m)[39m
    at [90mfile:///home/dev/Projects/ERPify/pwa/[39mnode_modules/[4m@vitest/runner[24m/dist/chunk-artifact.js:2305:20
    at new Promise (&lt;anonymous&gt;)
    at runWithTimeout [90m(file:///home/dev/Projects/ERPify/pwa/[39mnode_modules/[4m@vitest/runner[24m/dist/chunk-artifact.js:2272:10[90m)[39m
    at [90mfile:///home/dev/Projects/ERPify/pwa/[39mnode_modules/[4m@vitest/runner[24m/dist/chunk-artifact.js:2955:64 {
  digest: [32m&apos;d1&apos;[39m
}

            </system-err>
        </testcase>
        <testcase classname="tests/app/error-redaction.test.tsx" name="&apos;global-error.tsx (RootLayout crash)&apos; — development disclosure (engineers see what blew up) &gt; renders error.message inside the details block" time="0.01016056">
            <system-err>
[global-error] Error: thrown in dev
    at [90m/home/dev/Projects/ERPify/pwa/[39mtests/app/error-redaction.test.tsx:140:41
    at [90mfile:///home/dev/Projects/ERPify/pwa/[39mnode_modules/[4m@vitest/runner[24m/dist/chunk-artifact.js:302:11
    at [90mfile:///home/dev/Projects/ERPify/pwa/[39mnode_modules/[4m@vitest/runner[24m/dist/chunk-artifact.js:1903:26
    at [90mfile:///home/dev/Projects/ERPify/pwa/[39mnode_modules/[4m@vitest/runner[24m/dist/chunk-artifact.js:2326:20
    at new Promise (&lt;anonymous&gt;)
    at runWithCancel [90m(file:///home/dev/Projects/ERPify/pwa/[39mnode_modules/[4m@vitest/runner[24m/dist/chunk-artifact.js:2323:10[90m)[39m
    at [90mfile:///home/dev/Projects/ERPify/pwa/[39mnode_modules/[4m@vitest/runner[24m/dist/chunk-artifact.js:2305:20
    at new Promise (&lt;anonymous&gt;)
    at runWithTimeout [90m(file:///home/dev/Projects/ERPify/pwa/[39mnode_modules/[4m@vitest/runner[24m/dist/chunk-artifact.js:2272:10[90m)[39m
    at [90mfile:///home/dev/Projects/ERPify/pwa/[39mnode_modules/[4m@vitest/runner[24m/dist/chunk-artifact.js:2955:64 {
  digest: [32m&apos;d1&apos;[39m
}

            </system-err>
        </testcase>
    </testsuite>
    <testsuite name="tests/lib/frankenphp-hot-reload.test.ts" timestamp="2026-05-13T15:29:48.851Z" hostname="sergio-dev" tests="7" failures="0" errors="0" skipped="0" time="0.008284775">
        <testcase classname="tests/lib/frankenphp-hot-reload.test.ts" name="joinPublicOrigin &gt; joins base without trailing slash and path with leading slash" time="0.001974947">
        </testcase>
        <testcase classname="tests/lib/frankenphp-hot-reload.test.ts" name="joinPublicOrigin &gt; strips trailing slash from base" time="0.00027596">
        </testcase>
        <testcase classname="tests/lib/frankenphp-hot-reload.test.ts" name="joinPublicOrigin &gt; adds leading slash to path when missing" time="0.000189865">
        </testcase>
        <testcase classname="tests/lib/frankenphp-hot-reload.test.ts" name="fetchFrankenPhpHotReloadSubscribeUrl &gt; returns null when not in development" time="0.000724621">
        </testcase>
        <testcase classname="tests/lib/frankenphp-hot-reload.test.ts" name="fetchFrankenPhpHotReloadSubscribeUrl &gt; returns null when internal or public base URL is missing" time="0.000391477">
        </testcase>
        <testcase classname="tests/lib/frankenphp-hot-reload.test.ts" name="fetchFrankenPhpHotReloadSubscribeUrl &gt; returns subscribe URL when API responds enabled" time="0.002532878">
        </testcase>
        <testcase classname="tests/lib/frankenphp-hot-reload.test.ts" name="fetchFrankenPhpHotReloadSubscribeUrl &gt; returns null when API responds disabled" time="0.000559433">
        </testcase>
    </testsuite>
    <testsuite name="tests/lib/safeHref.test.ts" timestamp="2026-05-13T15:29:48.852Z" hostname="sergio-dev" tests="9" failures="0" errors="0" skipped="0" time="0.00360631">
        <testcase classname="tests/lib/safeHref.test.ts" name="safeHref &gt; returns relative paths unchanged" time="0.00128287">
        </testcase>
        <testcase classname="tests/lib/safeHref.test.ts" name="safeHref &gt; returns http(s) absolute URLs unchanged" time="0.000199839">
        </testcase>
        <testcase classname="tests/lib/safeHref.test.ts" name="safeHref &gt; returns mailto/tel/sms unchanged" time="0.000179073">
        </testcase>
        <testcase classname="tests/lib/safeHref.test.ts" name="safeHref &gt; rejects javascript: in any casing" time="0.000140038">
        </testcase>
        <testcase classname="tests/lib/safeHref.test.ts" name="safeHref &gt; rejects javascript: hidden behind whitespace, tabs, and newlines" time="0.000188589">
        </testcase>
        <testcase classname="tests/lib/safeHref.test.ts" name="safeHref &gt; rejects data: URLs (HTML payloads can carry inline scripts)" time="0.000116008">
        </testcase>
        <testcase classname="tests/lib/safeHref.test.ts" name="safeHref &gt; rejects vbscript: and file:" time="0.000105234">
        </testcase>
        <testcase classname="tests/lib/safeHref.test.ts" name="safeHref &gt; returns the supplied fallback for unsafe input" time="0.000091818">
        </testcase>
        <testcase classname="tests/lib/safeHref.test.ts" name="safeHref &gt; returns the fallback for empty / null / undefined / whitespace input" time="0.000183194">
        </testcase>
    </testsuite>
    <testsuite name="tests/components/erpify/AppShell.test.tsx" timestamp="2026-05-13T15:29:48.853Z" hostname="sergio-dev" tests="5" failures="0" errors="0" skipped="0" time="0.351809656">
        <testcase classname="tests/components/erpify/AppShell.test.tsx" name="AppShell &gt; renders nav items with active state and accessible link" time="0.234892513">
        </testcase>
        <testcase classname="tests/components/erpify/AppShell.test.tsx" name="AppShell &gt; includes a skip-to-content link" time="0.012124123">
        </testcase>
        <testcase classname="tests/components/erpify/AppShell.test.tsx" name="AppShell &gt; toggles sidebar on collapse button click and persists to localStorage" time="0.055912728">
        </testcase>
        <testcase classname="tests/components/erpify/AppShell.test.tsx" name="AppShell &gt; renders children inside main landmark" time="0.022625281">
        </testcase>
        <testcase classname="tests/components/erpify/AppShell.test.tsx" name="AppShell &gt; renders the topBarRight slot when provided" time="0.022902192">
        </testcase>
    </testsuite>
    <testsuite name="tests/components/erpify/AsyncBoundary.test.tsx" timestamp="2026-05-13T15:29:48.853Z" hostname="sergio-dev" tests="6" failures="0" errors="0" skipped="0" time="0.193353619">
        <testcase classname="tests/components/erpify/AsyncBoundary.test.tsx" name="AsyncBoundary &gt; renders the loading skeleton with aria-busy when state=loading" time="0.033228551">
        </testcase>
        <testcase classname="tests/components/erpify/AsyncBoundary.test.tsx" name="AsyncBoundary &gt; renders the empty state when state=empty" time="0.138723581">
        </testcase>
        <testcase classname="tests/components/erpify/AsyncBoundary.test.tsx" name="AsyncBoundary &gt; renders ProblemDisplay when state=error and an error is provided" time="0.0123299">
        </testcase>
        <testcase classname="tests/components/erpify/AsyncBoundary.test.tsx" name="AsyncBoundary &gt; invokes children with data when state=ready" time="0.002243271">
        </testcase>
        <testcase classname="tests/components/erpify/AsyncBoundary.test.tsx" name="AsyncBoundary &gt; renders nothing when state=ready but no data is supplied" time="0.001569683">
        </testcase>
        <testcase classname="tests/components/erpify/AsyncBoundary.test.tsx" name="AsyncBoundary &gt; renders custom idle slot when supplied" time="0.001802605">
        </testcase>
    </testsuite>
    <testsuite name="tests/components/erpify/CopyButton.test.tsx" timestamp="2026-05-13T15:29:48.854Z" hostname="sergio-dev" tests="5" failures="0" errors="0" skipped="0" time="0.327913731">
        <testcase classname="tests/components/erpify/CopyButton.test.tsx" name="CopyButton &gt; renders the default label, idle status, and tooltip" time="0.193190962">
        </testcase>
        <testcase classname="tests/components/erpify/CopyButton.test.tsx" name="CopyButton &gt; writes the value to the clipboard and flips status to copied" time="0.037154848">
        </testcase>
        <testcase classname="tests/components/erpify/CopyButton.test.tsx" name="CopyButton &gt; returns to idle after the feedback timeout elapses" time="0.071341793">
        </testcase>
        <testcase classname="tests/components/erpify/CopyButton.test.tsx" name="CopyButton &gt; flips status to error and reports it via onCopyResult when the clipboard write fails" time="0.012700453">
        </testcase>
        <testcase classname="tests/components/erpify/CopyButton.test.tsx" name="CopyButton &gt; uses sr-only text in icon-only mode and still announces the label" time="0.009813779">
        </testcase>
    </testsuite>
    <testsuite name="tests/components/erpify/CorrelationIdChip.test.tsx" timestamp="2026-05-13T15:29:48.854Z" hostname="sergio-dev" tests="4" failures="0" errors="0" skipped="0" time="0.197881877">
        <testcase classname="tests/components/erpify/CorrelationIdChip.test.tsx" name="CorrelationIdChip &gt; exposes the full ID via the accessible name and the visible chip" time="0.142943494">
        </testcase>
        <testcase classname="tests/components/erpify/CorrelationIdChip.test.tsx" name="CorrelationIdChip &gt; copies the full ID to the clipboard and announces &apos;Copied&apos;" time="0.037095282">
        </testcase>
        <testcase classname="tests/components/erpify/CorrelationIdChip.test.tsx" name="CorrelationIdChip &gt; renders the optional label prefix when supplied" time="0.009459552">
        </testcase>
        <testcase classname="tests/components/erpify/CorrelationIdChip.test.tsx" name="CorrelationIdChip &gt; does not truncate when the ID is short enough" time="0.00524602">
        </testcase>
    </testsuite>
    <testsuite name="tests/components/erpify/DataTable.test.tsx" timestamp="2026-05-13T15:29:48.855Z" hostname="sergio-dev" tests="9" failures="0" errors="0" skipped="0" time="0.319681278">
        <testcase classname="tests/components/erpify/DataTable.test.tsx" name="DataTable &gt; renders columns and rows with the provided cells" time="0.055798391">
        </testcase>
        <testcase classname="tests/components/erpify/DataTable.test.tsx" name="DataTable &gt; announces the caption for assistive tech" time="0.123086055">
        </testcase>
        <testcase classname="tests/components/erpify/DataTable.test.tsx" name="DataTable &gt; forwards `testId` to the wrapper and a unique `rowTestId` to each &lt;tr&gt;" time="0.005617172">
        </testcase>
        <testcase classname="tests/components/erpify/DataTable.test.tsx" name="DataTable &gt; toggles aria-sort on sortable header click via onSortChange" time="0.047242524">
        </testcase>
        <testcase classname="tests/components/erpify/DataTable.test.tsx" name="DataTable &gt; cycles asc → desc → null on repeated sort clicks of the same column" time="0.057216147">
        </testcase>
        <testcase classname="tests/components/erpify/DataTable.test.tsx" name="DataTable &gt; renders the empty state when data is empty" time="0.002629437">
        </testcase>
        <testcase classname="tests/components/erpify/DataTable.test.tsx" name="DataTable &gt; invokes onRowActivate when a row is clicked" time="0.006314113">
        </testcase>
        <testcase classname="tests/components/erpify/DataTable.test.tsx" name="DataTable &gt; supports multi-selection via checkbox" time="0.011065136">
        </testcase>
        <testcase classname="tests/components/erpify/DataTable.test.tsx" name="DataTable &gt; supports keyboard activation via Enter" time="0.00745548">
        </testcase>
    </testsuite>
    <testsuite name="tests/components/erpify/DateField.test.tsx" timestamp="2026-05-13T15:29:48.855Z" hostname="sergio-dev" tests="4" failures="0" errors="0" skipped="0" time="0.174409857">
        <testcase classname="tests/components/erpify/DateField.test.tsx" name="DateField &gt; renders a text input with dd/mm/yyyy placeholder, pattern, and tooltip" time="0.102254251">
        </testcase>
        <testcase classname="tests/components/erpify/DateField.test.tsx" name="DateField &gt; appends a `(dd/mm/yyyy)` hint to the visible label by default" time="0.030154338">
        </testcase>
        <testcase classname="tests/components/erpify/DateField.test.tsx" name="DateField &gt; can suppress the format hint via `appendFormatHint={false}`" time="0.015761358">
        </testcase>
        <testcase classname="tests/components/erpify/DateField.test.tsx" name="DateField &gt; forwards user input to the onChange callback as a plain string" time="0.021725473">
        </testcase>
    </testsuite>
    <testsuite name="tests/components/erpify/DatePickerField.test.tsx" timestamp="2026-05-13T15:29:48.856Z" hostname="sergio-dev" tests="4" failures="0" errors="0" skipped="0" time="0.092104054">
        <testcase classname="tests/components/erpify/DatePickerField.test.tsx" name="DatePickerField &gt; renders a native date picker (input[type=date]) with the given value" time="0.0548733">
        </testcase>
        <testcase classname="tests/components/erpify/DatePickerField.test.tsx" name="DatePickerField &gt; renders the visible label without appending a format hint" time="0.017169711">
        </testcase>
        <testcase classname="tests/components/erpify/DatePickerField.test.tsx" name="DatePickerField &gt; forwards the picker&apos;s value to onChange" time="0.011516203">
        </testcase>
        <testcase classname="tests/components/erpify/DatePickerField.test.tsx" name="DatePickerField &gt; forwards `min` / `max` bounds to the native input" time="0.005173891">
        </testcase>
    </testsuite>
    <testsuite name="tests/components/erpify/EmptyState.test.tsx" timestamp="2026-05-13T15:29:48.856Z" hostname="sergio-dev" tests="4" failures="0" errors="0" skipped="0" time="0.229517448">
        <testcase classname="tests/components/erpify/EmptyState.test.tsx" name="EmptyState &gt; renders heading and description as accessible elements" time="0.189999858">
        </testcase>
        <testcase classname="tests/components/erpify/EmptyState.test.tsx" name="EmptyState &gt; exposes the variant via data attribute for testing and CSS hooks" time="0.005503711">
        </testcase>
        <testcase classname="tests/components/erpify/EmptyState.test.tsx" name="EmptyState &gt; renders the optional action slot when supplied" time="0.021725155">
        </testcase>
        <testcase classname="tests/components/erpify/EmptyState.test.tsx" name="EmptyState &gt; renders different icons across variants (different svg paths exposed)" time="0.008838086">
        </testcase>
    </testsuite>
    <testsuite name="tests/components/erpify/FormField.test.tsx" timestamp="2026-05-13T15:29:48.856Z" hostname="sergio-dev" tests="6" failures="0" errors="0" skipped="0" time="0.259628181">
        <testcase classname="tests/components/erpify/FormField.test.tsx" name="FormField &gt; links the label to the input via id and htmlFor" time="0.045575097">
        </testcase>
        <testcase classname="tests/components/erpify/FormField.test.tsx" name="FormField &gt; marks required fields with aria and visible indicator" time="0.01372712">
        </testcase>
        <testcase classname="tests/components/erpify/FormField.test.tsx" name="FormField &gt; renders helper text and links it via aria-describedby" time="0.00698389">
        </testcase>
        <testcase classname="tests/components/erpify/FormField.test.tsx" name="FormField &gt; renders the explicit error and sets aria-invalid" time="0.165267625">
        </testcase>
        <testcase classname="tests/components/erpify/FormField.test.tsx" name="FormField &gt; resolves error from RFC 9457 violations[] when no explicit error is supplied" time="0.014181663">
        </testcase>
        <testcase classname="tests/components/erpify/FormField.test.tsx" name="FormField &gt; prefers explicit error over violations match" time="0.010473791">
        </testcase>
    </testsuite>
    <testsuite name="tests/components/erpify/ProblemDisplay.test.tsx" timestamp="2026-05-13T15:29:48.857Z" hostname="sergio-dev" tests="13" failures="0" errors="0" skipped="0" time="0.312795983">
        <testcase classname="tests/components/erpify/ProblemDisplay.test.tsx" name="ProblemDisplay &gt; renders title and detail verbatim from the API envelope" time="0.056954707">
        </testcase>
        <testcase classname="tests/components/erpify/ProblemDisplay.test.tsx" name="ProblemDisplay &gt; renders a status pill and the opaque problem type label" time="0.007959606">
        </testcase>
        <testcase classname="tests/components/erpify/ProblemDisplay.test.tsx" name="ProblemDisplay &gt; falls back to a textual status when the synthetic 0 sentinel is used" time="0.006690418">
        </testcase>
        <testcase classname="tests/components/erpify/ProblemDisplay.test.tsx" name="ProblemDisplay &gt; renders the correlation ID as a copyable chip" time="0.15221124">
        </testcase>
        <testcase classname="tests/components/erpify/ProblemDisplay.test.tsx" name="ProblemDisplay &gt; renders violations attached to fields when present" time="0.014742455">
        </testcase>
        <testcase classname="tests/components/erpify/ProblemDisplay.test.tsx" name="ProblemDisplay &gt; uses aria-live=&apos;assertive&apos; for 5xx errors" time="0.007896296">
        </testcase>
        <testcase classname="tests/components/erpify/ProblemDisplay.test.tsx" name="ProblemDisplay &gt; uses aria-live=&apos;polite&apos; for 4xx errors" time="0.006529627">
        </testcase>
        <testcase classname="tests/components/erpify/ProblemDisplay.test.tsx" name="ProblemDisplay &gt; exposes the problem type and status via data attributes for routing/styling hooks" time="0.009062134">
        </testcase>
        <testcase classname="tests/components/erpify/ProblemDisplay.test.tsx" name="ProblemDisplay — debug rendering (development / test) &gt; renders the API debug block with exception, file:line and the previous chain" time="0.017827422">
        </testcase>
        <testcase classname="tests/components/erpify/ProblemDisplay.test.tsx" name="ProblemDisplay — debug rendering (development / test) &gt; hides the debug block when the API envelope has no `debug` extension" time="0.007033804">
        </testcase>
        <testcase classname="tests/components/erpify/ProblemDisplay.test.tsx" name="ProblemDisplay — production redaction (only generic messages) &gt; never renders the debug block, even when the API leaks one" time="0.005970276">
        </testcase>
        <testcase classname="tests/components/erpify/ProblemDisplay.test.tsx" name="ProblemDisplay — production redaction (only generic messages) &gt; never leaks framework class names, file paths, line numbers or secrets" time="0.007573032">
        </testcase>
        <testcase classname="tests/components/erpify/ProblemDisplay.test.tsx" name="ProblemDisplay — production redaction (only generic messages) &gt; still renders the API-provided generic title and detail (safe for end users)" time="0.008079122">
        </testcase>
    </testsuite>
    <testsuite name="tests/components/erpify/RecordSheet.test.tsx" timestamp="2026-05-13T15:29:48.858Z" hostname="sergio-dev" tests="5" failures="0" errors="0" skipped="0" time="0.432278805">
        <testcase classname="tests/components/erpify/RecordSheet.test.tsx" name="RecordSheet &gt; renders title and subtitle when open" time="0.234762836">
        </testcase>
        <testcase classname="tests/components/erpify/RecordSheet.test.tsx" name="RecordSheet &gt; renders the footer slot when supplied" time="0.073446183">
        </testcase>
        <testcase classname="tests/components/erpify/RecordSheet.test.tsx" name="RecordSheet &gt; calls onOpenChange(false) when close button is clicked and not dirty" time="0.046994891">
        </testcase>
        <testcase classname="tests/components/erpify/RecordSheet.test.tsx" name="RecordSheet &gt; prompts for confirmation when dirty and intercepts close on cancel" time="0.045599093">
        </testcase>
        <testcase classname="tests/components/erpify/RecordSheet.test.tsx" name="RecordSheet &gt; allows close when dirty + user confirms" time="0.028118916">
        </testcase>
    </testsuite>
    <testsuite name="tests/components/erpify/StatusBadge.test.tsx" timestamp="2026-05-13T15:29:48.858Z" hostname="sergio-dev" tests="4" failures="0" errors="0" skipped="0" time="0.136781085">
        <testcase classname="tests/components/erpify/StatusBadge.test.tsx" name="StatusBadge &gt; renders with role=status and the supplied label" time="0.11651689">
        </testcase>
        <testcase classname="tests/components/erpify/StatusBadge.test.tsx" name="StatusBadge &gt; renders an aria-hidden icon alongside the label" time="0.005652453">
        </testcase>
        <testcase classname="tests/components/erpify/StatusBadge.test.tsx" name="StatusBadge &gt; never relies on color alone — the label is always rendered" time="0.004887466">
        </testcase>
        <testcase classname="tests/components/erpify/StatusBadge.test.tsx" name="StatusBadge &gt; supports neutral variant for non-semantic statuses" time="0.006997673">
        </testcase>
    </testsuite>
    <testsuite name="tests/app/backoffice/banks/banksFilterSort.test.ts" timestamp="2026-05-13T15:29:48.859Z" hostname="sergio-dev" tests="37" failures="0" errors="0" skipped="0" time="0.007085793">
        <testcase classname="tests/app/backoffice/banks/banksFilterSort.test.ts" name="DEFAULT_SORT &gt; is alphabetical name ascending" time="0.001129633">
        </testcase>
        <testcase classname="tests/app/backoffice/banks/banksFilterSort.test.ts" name="BANKS_SORTABLE_COLUMNS &gt; matches the sortable columns rendered by the table headers" time="0.00017352">
        </testcase>
        <testcase classname="tests/app/backoffice/banks/banksFilterSort.test.ts" name="BANKS_SORTABLE_COLUMNS &gt; exposes a human label for every option (used by the filters panel select)" time="0.000214251">
        </testcase>
        <testcase classname="tests/app/backoffice/banks/banksFilterSort.test.ts" name="isDefaultSort &gt; returns true for the DEFAULT_SORT reference" time="0.000142077">
        </testcase>
        <testcase classname="tests/app/backoffice/banks/banksFilterSort.test.ts" name="isDefaultSort &gt; returns true for a fresh equivalent object" time="0.000087639">
        </testcase>
        <testcase classname="tests/app/backoffice/banks/banksFilterSort.test.ts" name="isDefaultSort &gt; returns false for a non-default direction" time="0.000082335">
        </testcase>
        <testcase classname="tests/app/backoffice/banks/banksFilterSort.test.ts" name="isDefaultSort &gt; returns false for a different column" time="0.0000754">
        </testcase>
        <testcase classname="tests/app/backoffice/banks/banksFilterSort.test.ts" name="isDefaultSort &gt; returns false when sort is null (user disabled sorting)" time="0.000072512">
        </testcase>
        <testcase classname="tests/app/backoffice/banks/banksFilterSort.test.ts" name="countActiveFilters &gt; returns 0 on the empty filter" time="0.000120554">
        </testcase>
        <testcase classname="tests/app/backoffice/banks/banksFilterSort.test.ts" name="countActiveFilters &gt; counts each populated field once" time="0.000150454">
        </testcase>
        <testcase classname="tests/app/backoffice/banks/banksFilterSort.test.ts" name="countActiveFilters &gt; treats whitespace-only fields as inactive" time="0.0000818">
        </testcase>
        <testcase classname="tests/app/backoffice/banks/banksFilterSort.test.ts" name="countActiveFilters &gt; agrees with hasActiveFilter for the boundary case" time="0.000113104">
        </testcase>
        <testcase classname="tests/app/backoffice/banks/banksFilterSort.test.ts" name="hasActiveFilter &gt; returns false on the empty filter" time="0.000050695">
        </testcase>
        <testcase classname="tests/app/backoffice/banks/banksFilterSort.test.ts" name="hasActiveFilter &gt; returns true when any field is non-empty" time="0.000096697">
        </testcase>
        <testcase classname="tests/app/backoffice/banks/banksFilterSort.test.ts" name="hasActiveFilter &gt; treats whitespace-only fields as inactive" time="0.000045495">
        </testcase>
        <testcase classname="tests/app/backoffice/banks/banksFilterSort.test.ts" name="applyFilters &gt; matches name case-insensitively" time="0.000281709">
        </testcase>
        <testcase classname="tests/app/backoffice/banks/banksFilterSort.test.ts" name="applyFilters &gt; matches shortName case-insensitively" time="0.000079158">
        </testcase>
        <testcase classname="tests/app/backoffice/banks/banksFilterSort.test.ts" name="applyFilters &gt; AND-combines name and shortName" time="0.000065468">
        </testcase>
        <testcase classname="tests/app/backoffice/banks/banksFilterSort.test.ts" name="applyFilters &gt; includes rows on the inclusive lower createdAt bound (yyyy-mm-dd)" time="0.00100742">
        </testcase>
        <testcase classname="tests/app/backoffice/banks/banksFilterSort.test.ts" name="applyFilters &gt; includes rows on the inclusive upper createdAt bound at end of day (yyyy-mm-dd)" time="0.000206499">
        </testcase>
        <testcase classname="tests/app/backoffice/banks/banksFilterSort.test.ts" name="applyFilters &gt; supports a closed createdAt range in yyyy-mm-dd" time="0.000291617">
        </testcase>
        <testcase classname="tests/app/backoffice/banks/banksFilterSort.test.ts" name="applyFilters &gt; yields no matches when from &gt; to" time="0.000147577">
        </testcase>
        <testcase classname="tests/app/backoffice/banks/banksFilterSort.test.ts" name="applyFilters &gt; excludes rows with invalid createdAt when a range is active" time="0.000114107">
        </testcase>
        <testcase classname="tests/app/backoffice/banks/banksFilterSort.test.ts" name="applyFilters &gt; ignores incomplete yyyy-mm-dd values until parseable" time="0.000070083">
        </testcase>
        <testcase classname="tests/app/backoffice/banks/banksFilterSort.test.ts" name="applyFilters &gt; rejects impossible calendar dates (2026-02-31)" time="0.000107964">
        </testcase>
        <testcase classname="tests/app/backoffice/banks/banksFilterSort.test.ts" name="applyFilters &gt; keeps rows with invalid createdAt when no range is active" time="0.000056329">
        </testcase>
        <testcase classname="tests/app/backoffice/banks/banksFilterSort.test.ts" name="applyFilters &gt; returns the full list when filter is empty" time="0.000051073">
        </testcase>
        <testcase classname="tests/app/backoffice/banks/banksFilterSort.test.ts" name="applyFilters &gt; does not mutate the input array" time="0.000049948">
        </testcase>
        <testcase classname="tests/app/backoffice/banks/banksFilterSort.test.ts" name="applySort &gt; returns a fresh array when sort is null" time="0.000204546">
        </testcase>
        <testcase classname="tests/app/backoffice/banks/banksFilterSort.test.ts" name="applySort &gt; sorts by name asc with locale-insensitive collation" time="0.000096407">
        </testcase>
        <testcase classname="tests/app/backoffice/banks/banksFilterSort.test.ts" name="applySort &gt; sorts by name desc" time="0.000057072">
        </testcase>
        <testcase classname="tests/app/backoffice/banks/banksFilterSort.test.ts" name="applySort &gt; sorts by shortName asc" time="0.000056922">
        </testcase>
        <testcase classname="tests/app/backoffice/banks/banksFilterSort.test.ts" name="applySort &gt; sorts by createdAt asc / desc" time="0.000110644">
        </testcase>
        <testcase classname="tests/app/backoffice/banks/banksFilterSort.test.ts" name="applySort &gt; sorts rows with invalid createdAt to the end (asc) and start (desc)" time="0.00009081">
        </testcase>
        <testcase classname="tests/app/backoffice/banks/banksFilterSort.test.ts" name="applySort &gt; sorts by updatedAt asc / desc" time="0.000125022">
        </testcase>
        <testcase classname="tests/app/backoffice/banks/banksFilterSort.test.ts" name="applySort &gt; ignores unknown columnIds and returns input order" time="0.000062117">
        </testcase>
        <testcase classname="tests/app/backoffice/banks/banksFilterSort.test.ts" name="applySort &gt; does not mutate the input array" time="0.000050633">
        </testcase>
    </testsuite>
    <testsuite name="tests/app/backoffice/banks/paginate.test.ts" timestamp="2026-05-13T15:29:48.862Z" hostname="sergio-dev" tests="15" failures="0" errors="0" skipped="0" time="0.005307334">
        <testcase classname="tests/app/backoffice/banks/paginate.test.ts" name="BANKS_PAGE_SIZE_OPTIONS &gt; offers 25, 50, 100, 500, 1000 in that order" time="0.001377973">
        </testcase>
        <testcase classname="tests/app/backoffice/banks/paginate.test.ts" name="BANKS_PAGE_SIZE_OPTIONS &gt; defaults to 25" time="0.000640571">
        </testcase>
        <testcase classname="tests/app/backoffice/banks/paginate.test.ts" name="paginate &gt; returns the first 25 of 60 on page 1 with hasNext only" time="0.000309776">
        </testcase>
        <testcase classname="tests/app/backoffice/banks/paginate.test.ts" name="paginate &gt; returns rows 26–50 on page 2 with hasPrev and hasNext both true" time="0.000193844">
        </testcase>
        <testcase classname="tests/app/backoffice/banks/paginate.test.ts" name="paginate &gt; returns the partial last page with hasNext false" time="0.000163882">
        </testcase>
        <testcase classname="tests/app/backoffice/banks/paginate.test.ts" name="paginate &gt; clamps NaN page to 1" time="0.000147587">
        </testcase>
        <testcase classname="tests/app/backoffice/banks/paginate.test.ts" name="paginate &gt; treats non-finite or non-positive pageSize as 1" time="0.000190004">
        </testcase>
        <testcase classname="tests/app/backoffice/banks/paginate.test.ts" name="paginate &gt; clamps page above the last page" time="0.000181621">
        </testcase>
        <testcase classname="tests/app/backoffice/banks/paginate.test.ts" name="paginate &gt; clamps page below 1 to 1" time="0.000134831">
        </testcase>
        <testcase classname="tests/app/backoffice/banks/paginate.test.ts" name="paginate &gt; clamps negative page to 1" time="0.000136072">
        </testcase>
        <testcase classname="tests/app/backoffice/banks/paginate.test.ts" name="paginate &gt; returns empty rows and no nav for an empty list" time="0.000140154">
        </testcase>
        <testcase classname="tests/app/backoffice/banks/paginate.test.ts" name="paginate &gt; does not advertise more pages when items &lt;= pageSize" time="0.000081577">
        </testcase>
        <testcase classname="tests/app/backoffice/banks/paginate.test.ts" name="paginate &gt; does not mutate the input array" time="0.000105316">
        </testcase>
        <testcase classname="tests/app/backoffice/banks/paginate.test.ts" name="paginate &gt; supports the larger page sizes from the options list" time="0.000134069">
        </testcase>
        <testcase classname="tests/app/backoffice/banks/paginate.test.ts" name="paginate &gt; works with object items" time="0.000195498">
        </testcase>
    </testsuite>
    <testsuite name="tests/context/backoffice/health/application/CheckHealth.test.ts" timestamp="2026-05-13T15:29:48.863Z" hostname="sergio-dev" tests="1" failures="0" errors="0" skipped="0" time="0.002499282">
        <testcase classname="tests/context/backoffice/health/application/CheckHealth.test.ts" name="CheckHealth Use Case (BackOffice) &gt; should return a health check from the repository" time="0.001652954">
        </testcase>
    </testsuite>
    <testsuite name="tests/context/shared/domain/types/http.test.ts" timestamp="2026-05-13T15:29:48.863Z" hostname="sergio-dev" tests="2" failures="0" errors="0" skipped="0" time="0.004485529">
        <testcase classname="tests/context/shared/domain/types/http.test.ts" name="HttpStatus &gt; pins the codes the codebase compares against" time="0.002069702">
        </testcase>
        <testcase classname="tests/context/shared/domain/types/http.test.ts" name="HttpStatus &gt; derives the matching union type via keyof typeof" time="0.000956736">
        </testcase>
    </testsuite>
    <testsuite name="tests/context/shared/domain/types/sorting.test.ts" timestamp="2026-05-13T15:29:48.863Z" hostname="sergio-dev" tests="2" failures="0" errors="0" skipped="0" time="0.004793501">
        <testcase classname="tests/context/shared/domain/types/sorting.test.ts" name="SortDirection &gt; exposes ASC and DESC" time="0.002221583">
        </testcase>
        <testcase classname="tests/context/shared/domain/types/sorting.test.ts" name="SortDirection &gt; derives the matching union type via keyof typeof" time="0.001047198">
        </testcase>
    </testsuite>
    <testsuite name="tests/context/shared/domain/types/status.test.ts" timestamp="2026-05-13T15:29:48.863Z" hostname="sergio-dev" tests="7" failures="0" errors="0" skipped="0" time="0.003918089">
        <testcase classname="tests/context/shared/domain/types/status.test.ts" name="ApiStatus &gt; exposes idle / pending / fulfilled / rejected" time="0.001290863">
        </testcase>
        <testcase classname="tests/context/shared/domain/types/status.test.ts" name="ApiStatus &gt; derives the matching union type via keyof typeof" time="0.000598542">
        </testcase>
        <testcase classname="tests/context/shared/domain/types/status.test.ts" name="ViewStatus &gt; exposes loading / ready / error / empty / not-found" time="0.000172327">
        </testcase>
        <testcase classname="tests/context/shared/domain/types/status.test.ts" name="ViewStatus &gt; derives the matching union type via keyof typeof" time="0.000182776">
        </testcase>
        <testcase classname="tests/context/shared/domain/types/status.test.ts" name="PersistenceAction &gt; exposes creating / updating / deleting / saved" time="0.000139178">
        </testcase>
        <testcase classname="tests/context/shared/domain/types/status.test.ts" name="PersistenceAction &gt; derives the matching union type via keyof typeof" time="0.000148972">
        </testcase>
        <testcase classname="tests/context/shared/domain/types/status.test.ts" name="orthogonality &gt; keeps API and View status separate (PENDING vs LOADING)" time="0.000292961">
        </testcase>
    </testsuite>
    <testsuite name="tests/context/shared/infrastructure/DateTimeProvider/DateFnsDateTimeProvider.test.ts" timestamp="2026-05-13T15:29:48.864Z" hostname="sergio-dev" tests="29" failures="0" errors="0" skipped="0" time="0.009787527">
        <testcase classname="tests/context/shared/infrastructure/DateTimeProvider/DateFnsDateTimeProvider.test.ts" name="DateFnsDateTimeProvider &gt; now &gt; returns the current instant" time="0.002301473">
        </testcase>
        <testcase classname="tests/context/shared/infrastructure/DateTimeProvider/DateFnsDateTimeProvider.test.ts" name="DateFnsDateTimeProvider &gt; formatToISO &gt; returns a valid ISO 8601 / RFC 3339 string for the given instant" time="0.000801476">
        </testcase>
        <testcase classname="tests/context/shared/infrastructure/DateTimeProvider/DateFnsDateTimeProvider.test.ts" name="DateFnsDateTimeProvider &gt; formatToDisplay &gt; returns dd/MM/yyyy, HH:mm:ss in 24-hour time" time="0.000605746">
        </testcase>
        <testcase classname="tests/context/shared/infrastructure/DateTimeProvider/DateFnsDateTimeProvider.test.ts" name="DateFnsDateTimeProvider &gt; formatToDate &gt; returns dd/MM/yyyy" time="0.000162555">
        </testcase>
        <testcase classname="tests/context/shared/infrastructure/DateTimeProvider/DateFnsDateTimeProvider.test.ts" name="DateFnsDateTimeProvider &gt; parseISO &gt; parses a well-formed ISO string" time="0.000359982">
        </testcase>
        <testcase classname="tests/context/shared/infrastructure/DateTimeProvider/DateFnsDateTimeProvider.test.ts" name="DateFnsDateTimeProvider &gt; parseISO &gt; returns null for empty input" time="0.000090031">
        </testcase>
        <testcase classname="tests/context/shared/infrastructure/DateTimeProvider/DateFnsDateTimeProvider.test.ts" name="DateFnsDateTimeProvider &gt; parseISO &gt; returns null for malformed input" time="0.000108566">
        </testcase>
        <testcase classname="tests/context/shared/infrastructure/DateTimeProvider/DateFnsDateTimeProvider.test.ts" name="DateFnsDateTimeProvider &gt; parseDdMmYyyy &gt; parses a well-formed dd/mm/yyyy string" time="0.000700931">
        </testcase>
        <testcase classname="tests/context/shared/infrastructure/DateTimeProvider/DateFnsDateTimeProvider.test.ts" name="DateFnsDateTimeProvider &gt; parseDdMmYyyy &gt; returns null for partial / unparseable input" time="0.000140881">
        </testcase>
        <testcase classname="tests/context/shared/infrastructure/DateTimeProvider/DateFnsDateTimeProvider.test.ts" name="DateFnsDateTimeProvider &gt; parseDdMmYyyy &gt; rejects calendar mismatches" time="0.000338821">
        </testcase>
        <testcase classname="tests/context/shared/infrastructure/DateTimeProvider/DateFnsDateTimeProvider.test.ts" name="DateFnsDateTimeProvider &gt; calculateDuration &gt; computes positive durations across every unit" time="0.000360349">
        </testcase>
        <testcase classname="tests/context/shared/infrastructure/DateTimeProvider/DateFnsDateTimeProvider.test.ts" name="DateFnsDateTimeProvider &gt; calculateDuration &gt; returns a negative result when `to` is before `from`" time="0.000064646">
        </testcase>
        <testcase classname="tests/context/shared/infrastructure/DateTimeProvider/DateFnsDateTimeProvider.test.ts" name="DateFnsDateTimeProvider &gt; add &gt; adds milliseconds / seconds / minutes / hours" time="0.00013854">
        </testcase>
        <testcase classname="tests/context/shared/infrastructure/DateTimeProvider/DateFnsDateTimeProvider.test.ts" name="DateFnsDateTimeProvider &gt; add &gt; adds days / weeks / months / years" time="0.000146084">
        </testcase>
        <testcase classname="tests/context/shared/infrastructure/DateTimeProvider/DateFnsDateTimeProvider.test.ts" name="DateFnsDateTimeProvider &gt; add &gt; adds business days (skips weekends)" time="0.000099812">
        </testcase>
        <testcase classname="tests/context/shared/infrastructure/DateTimeProvider/DateFnsDateTimeProvider.test.ts" name="DateFnsDateTimeProvider &gt; add &gt; returns a fresh date — never mutates the input" time="0.000048444">
        </testcase>
        <testcase classname="tests/context/shared/infrastructure/DateTimeProvider/DateFnsDateTimeProvider.test.ts" name="DateFnsDateTimeProvider &gt; isWorkDay &gt; returns true for Monday-Friday and false for Saturday-Sunday" time="0.000368187">
        </testcase>
        <testcase classname="tests/context/shared/infrastructure/DateTimeProvider/DateFnsDateTimeProvider.test.ts" name="DateFnsDateTimeProvider &gt; isSameDay / isBefore / isAfter &gt; isSameDay is true when both dates fall on the same calendar day" time="0.000104371">
        </testcase>
        <testcase classname="tests/context/shared/infrastructure/DateTimeProvider/DateFnsDateTimeProvider.test.ts" name="DateFnsDateTimeProvider &gt; isSameDay / isBefore / isAfter &gt; isBefore / isAfter use strict inequality" time="0.00010521">
        </testcase>
        <testcase classname="tests/context/shared/infrastructure/DateTimeProvider/DateFnsDateTimeProvider.test.ts" name="DateFnsDateTimeProvider &gt; startOfDay / endOfDay &gt; startOfDay returns 00:00:00.000 of the same day" time="0.000100827">
        </testcase>
        <testcase classname="tests/context/shared/infrastructure/DateTimeProvider/DateFnsDateTimeProvider.test.ts" name="DateFnsDateTimeProvider &gt; startOfDay / endOfDay &gt; endOfDay returns 23:59:59.999 of the same day" time="0.000107086">
        </testcase>
        <testcase classname="tests/context/shared/infrastructure/DateTimeProvider/DateFnsDateTimeProvider.test.ts" name="DateFnsDateTimeProvider &gt; formatIsoToDisplay &gt; formats a well-formed ISO timestamp via formatToDisplay" time="0.000138912">
        </testcase>
        <testcase classname="tests/context/shared/infrastructure/DateTimeProvider/DateFnsDateTimeProvider.test.ts" name="DateFnsDateTimeProvider &gt; formatIsoToDisplay &gt; returns the raw value when the input cannot be parsed" time="0.000072262">
        </testcase>
        <testcase classname="tests/context/shared/infrastructure/DateTimeProvider/DateFnsDateTimeProvider.test.ts" name="DateFnsDateTimeProvider &gt; parseDdMmYyyyToStartTimestamp / parseDdMmYyyyToEndTimestamp &gt; returns null for unparseable / empty input on both ends" time="0.000158888">
        </testcase>
        <testcase classname="tests/context/shared/infrastructure/DateTimeProvider/DateFnsDateTimeProvider.test.ts" name="DateFnsDateTimeProvider &gt; parseDdMmYyyyToStartTimestamp / parseDdMmYyyyToEndTimestamp &gt; places start at 00:00:00.000 and end at 23:59:59.999 of the same day" time="0.000153551">
        </testcase>
        <testcase classname="tests/context/shared/infrastructure/DateTimeProvider/DateFnsDateTimeProvider.test.ts" name="DateFnsDateTimeProvider &gt; parseIsoDateToStartTimestamp / parseIsoDateToEndTimestamp &gt; returns null for unparseable / empty / partial / impossible input" time="0.00023603">
        </testcase>
        <testcase classname="tests/context/shared/infrastructure/DateTimeProvider/DateFnsDateTimeProvider.test.ts" name="DateFnsDateTimeProvider &gt; parseIsoDateToStartTimestamp / parseIsoDateToEndTimestamp &gt; places start at 00:00:00.000 and end at 23:59:59.999 of the same day" time="0.000182687">
        </testcase>
        <testcase classname="tests/context/shared/infrastructure/DateTimeProvider/DateFnsDateTimeProvider.test.ts" name="DateFnsDateTimeProvider &gt; parseIsoDateToStartTimestamp / parseIsoDateToEndTimestamp &gt; agrees with the dd/mm/yyyy variant for the same calendar day" time="0.000175649">
        </testcase>
        <testcase classname="tests/context/shared/infrastructure/DateTimeProvider/DateFnsDateTimeProvider.test.ts" name="DateTimeProvider DI index &gt; exports a singleton instance typed as the domain interface" time="0.0000986">
        </testcase>
    </testsuite>
    <testsuite name="tests/context/frontoffice/health/application/CheckHealth.test.ts" timestamp="2026-05-13T15:29:48.866Z" hostname="sergio-dev" tests="1" failures="0" errors="0" skipped="0" time="0.002550709">
        <testcase classname="tests/context/frontoffice/health/application/CheckHealth.test.ts" name="CheckHealth Use Case (FrontOffice) &gt; should return a health check from the repository" time="0.001681334">
        </testcase>
    </testsuite>
    <testsuite name="tests/context/shared/infrastructure/Validation/ZodValidatorAdapter.test.ts" timestamp="2026-05-13T15:29:48.866Z" hostname="sergio-dev" tests="5" failures="0" errors="0" skipped="0" time="0.015452829">
        <testcase classname="tests/context/shared/infrastructure/Validation/ZodValidatorAdapter.test.ts" name="ZodValidatorAdapter &gt; conforms to the Validator port" time="0.002817252">
        </testcase>
        <testcase classname="tests/context/shared/infrastructure/Validation/ZodValidatorAdapter.test.ts" name="ZodValidatorAdapter &gt; returns success + parsed data when the input is valid" time="0.004471266">
        </testcase>
        <testcase classname="tests/context/shared/infrastructure/Validation/ZodValidatorAdapter.test.ts" name="ZodValidatorAdapter &gt; returns failure + per-field issues when the input is invalid" time="0.001084836">
        </testcase>
        <testcase classname="tests/context/shared/infrastructure/Validation/ZodValidatorAdapter.test.ts" name="ZodValidatorAdapter &gt; returns a structural error with empty path when the root value is the wrong type" time="0.001471172">
        </testcase>
        <testcase classname="tests/context/shared/infrastructure/Validation/ZodValidatorAdapter.test.ts" name="ZodValidatorAdapter &gt; does not throw for unknown input shapes — always returns a result" time="0.00344049">
        </testcase>
    </testsuite>
    <testsuite name="tests/context/shared/infrastructure/HttpClient/FetchHttpClient.test.ts" timestamp="2026-05-13T15:29:48.866Z" hostname="sergio-dev" tests="4" failures="0" errors="0" skipped="0" time="0.019917075">
        <testcase classname="tests/context/shared/infrastructure/HttpClient/FetchHttpClient.test.ts" name="FetchHttpClient &gt; passes through an RFC 9457 problem body verbatim on 4xx" time="0.011389985">
        </testcase>
        <testcase classname="tests/context/shared/infrastructure/HttpClient/FetchHttpClient.test.ts" name="FetchHttpClient &gt; forwards violations[] from a 400 validation problem" time="0.002758322">
        </testcase>
        <testcase classname="tests/context/shared/infrastructure/HttpClient/FetchHttpClient.test.ts" name="FetchHttpClient &gt; synthesizes a generic ProblemDetails when the body is not RFC 9457" time="0.001668441">
        </testcase>
        <testcase classname="tests/context/shared/infrastructure/HttpClient/FetchHttpClient.test.ts" name="FetchHttpClient &gt; falls back to a synthetic correlation-id when the header is absent" time="0.00105389">
        </testcase>
    </testsuite>
    <testsuite name="tests/context/backoffice/bank/application/schemas/BankSchema.test.ts" timestamp="2026-05-13T15:29:48.867Z" hostname="sergio-dev" tests="7" failures="0" errors="0" skipped="0" time="0.01361852">
        <testcase classname="tests/context/backoffice/bank/application/schemas/BankSchema.test.ts" name="BankSchema &gt; accepts a well-formed payload and trims whitespace" time="0.005714344">
        </testcase>
        <testcase classname="tests/context/backoffice/bank/application/schemas/BankSchema.test.ts" name="BankSchema &gt; requires `name` (NotBlank, mirrors Symfony Assert\NotBlank)" time="0.002005023">
        </testcase>
        <testcase classname="tests/context/backoffice/bank/application/schemas/BankSchema.test.ts" name="BankSchema &gt; requires `shortName` (NotBlank, mirrors Symfony Assert\NotBlank)" time="0.000751374">
        </testcase>
        <testcase classname="tests/context/backoffice/bank/application/schemas/BankSchema.test.ts" name="BankSchema &gt; rejects names longer than 255 chars (mirrors Symfony Length max=255)" time="0.000667508">
        </testcase>
        <testcase classname="tests/context/backoffice/bank/application/schemas/BankSchema.test.ts" name="BankSchema &gt; rejects shortNames longer than 50 chars (mirrors Symfony Length max=50)" time="0.000591295">
        </testcase>
        <testcase classname="tests/context/backoffice/bank/application/schemas/BankSchema.test.ts" name="BankSchema &gt; rejects non-string fields" time="0.000728741">
        </testcase>
        <testcase classname="tests/context/backoffice/bank/application/schemas/BankSchema.test.ts" name="BankSchema &gt; BankFormValues type matches { name: string; shortName: string }" time="0.000565147">
        </testcase>
    </testsuite>
</testsuites>
